<?xml version="1.0" encoding="UTF-8" ?>
<testsuite errors="0" failures="0" hostname="PcAlvar" name="MainTest" skipped="0" tests="5" time="0.276" timestamp="2025-05-29T23:35:50">
  <properties>
[...]
</properties>
  <testcase classname="MainTest" name="eventosPorNombreFuente" time="0.015" />
  <testcase classname="MainTest" name="testMain" time="0.006" />
  <testcase classname="MainTest" name="testBSearch" time="0.097" />
  <testcase classname="MainTest" name="eventosPorValores" time="0.004" />
  <testcase classname="MainTest" name="eventosPorPeriodos" time="0.1" />
  <system-out><![CDATA[Leyendo prueba-fuentes.fu
Leyendo prueba-fuentes_1.fu
Leyendo prueba1.ev
Leyendo prueba.ev
< 1717009900;5;12
< 1717009910;2;05
< 1717009911;9;63
< 1717009912;5;28
< 0;F0
< 1;F1
< 2;F2
< 1717009901;9;76
< 1717009902;2;34
< 1717009903;8;91
< 1717009904;1;55
< 1717009905;6;23
< 1717009906;4;68
< 1717009907;10;17
< 1717009908;3;80
< 7;F7
< 8;F8
< 9;F9
< 1717009913;1;99
< 1717009914;8;03
< 1717009915;6;72
< 1717009916;4;11
< 1717009918;10;88
< 1717009918;3;39
< 1717009919;7;51
Terminado prueba-fuentes_1.fu
< 3;F3
< 4;F4
< 5;F5
Terminado prueba-fuentes.fu
< 1717009909;7;49
< 1717009910;2;05
< 1717009911;9;63
< 1717009912;5;28
< 1717009913;1;99
< 1717009914;8;03
< 1717009915;6;72
< 1717009916;4;11
< 1717009900;5;12
< 1717009918;10;88
< 1717009901;9;76
< 1717009902;2;34
Fuentes leidas
< 1717009918;3;39
< 1717009903;8;91
< 1717009919;7;51
< 1717009904;1;55
< 1717009905;6;23
Terminado prueba.ev
< ;4;68
< 1717009907;;17
< 1717009908;3;
< 1717009909;7;49
Terminado prueba1.ev
Archivos leidos
> Fuente{0 - F0 }
> Fuente{1 - F1 }
> Fuente{2 - F2 }
> Fuente{7 - F7 }
> Fuente{8 - F8 }
> Fuente{9 - F9 }
> Fuente{3 - F3 }
> Fuente{4 - F4 }
> Fuente{5 - F5 }
ConsumidorFin
Evento{1717009900 - 5 - 12,000000}
Evento{1717009900 - 5 - 12,000000}
Evento{1717009901 - 9 - 76,000000}
Evento{1717009901 - 9 - 76,000000}
Evento{1717009902 - 2 - 34,000000}
Evento{1717009902 - 2 - 34,000000}
Evento{1717009903 - 8 - 91,000000}
Evento{1717009903 - 8 - 91,000000}
Evento{1717009904 - 1 - 55,000000}
Evento{1717009904 - 1 - 55,000000}
Evento{1717009905 - 6 - 23,000000}
Evento{1717009905 - 6 - 23,000000}
Evento{1717009906 - 4 - 68,000000}
Evento{1717009907 - 10 - 17,000000}
Evento{1717009908 - 3 - 80,000000}
Evento{1717009909 - 7 - 49,000000}
Evento{1717009909 - 7 - 49,000000}
Evento{1717009910 - 2 - 5,000000}
Evento{1717009910 - 2 - 5,000000}
Evento{1717009911 - 9 - 63,000000}
Evento{1717009911 - 9 - 63,000000}
Evento{1717009912 - 5 - 28,000000}
Evento{1717009912 - 5 - 28,000000}
Evento{1717009913 - 1 - 99,000000}
Evento{1717009913 - 1 - 99,000000}
Evento{1717009914 - 8 - 3,000000}
Evento{1717009914 - 8 - 3,000000}
Evento{1717009915 - 6 - 72,000000}
Evento{1717009915 - 6 - 72,000000}
Evento{1717009916 - 4 - 11,000000}
Evento{1717009916 - 4 - 11,000000}
Evento{1717009918 - 10 - 88,000000}
Evento{1717009918 - 3 - 39,000000}
Evento{1717009918 - 10 - 88,000000}
Evento{1717009918 - 3 - 39,000000}
Evento{1717009919 - 7 - 51,000000}
Evento{1717009919 - 7 - 51,000000}
Fuente{0 - F0 }
Fuente{1 - F1 }
Fuente{2 - F2 }
Fuente{7 - F7 }
Fuente{8 - F8 }
Fuente{9 - F9 }
Fuente{3 - F3 }
Fuente{4 - F4 }
Fuente{5 - F5 }
Leyendo prueba-fuentes.fu
Leyendo prueba-fuentes_1.fu
< 0;F0
< 7;F7
Leyendo prueba.ev
< 8;F8
< 9;F9
< 1;F1
< 2;F2
< 3;F3
< 4;F4
< 5;F5
Leyendo prueba1.ev
Terminado prueba-fuentes_1.fu
< 1717009900;5;12
Terminado prueba-fuentes.fu
< 1717009910;2;05
Fuentes leidas
< 1717009901;9;76
< 1717009911;9;63
< 1717009902;2;34
< 1717009912;5;28
< 1717009903;8;91
< 1717009913;1;99
< 1717009904;1;55
< 1717009914;8;03
< 1717009915;6;72
< 1717009905;6;23
< 1717009916;4;11
< 1717009906;4;68
< 1717009918;10;88
< 1717009907;10;17
< 1717009918;3;39
< 1717009908;3;80
< 1717009919;7;51
< 1717009909;7;49
< 1717009900;5;12
< 1717009910;2;05
< 1717009901;9;76
< 1717009911;9;63
< 1717009902;2;34
< 1717009912;5;28
< 1717009903;8;91
< 1717009913;1;99
< 1717009904;1;55
< 1717009914;8;03
< 1717009905;6;23
< 1717009915;6;72
< ;4;68
< 1717009916;4;11
< 1717009907;;17
< 1717009918;10;88
< 1717009908;3;
< 1717009918;3;39
< 1717009909;7;49
< 1717009919;7;51
Terminado prueba1.ev
Terminado prueba.ev
Archivos leidos
> Fuente{0 - F0 }
> Fuente{7 - F7 }
> Fuente{8 - F8 }
> Fuente{9 - F9 }
> Fuente{1 - F1 }
> Fuente{2 - F2 }
> Fuente{3 - F3 }
> Fuente{4 - F4 }
> Fuente{5 - F5 }
ConsumidorFin
Evento{1717009900 - 5 - 12,000000}
Evento{1717009900 - 5 - 12,000000}
Evento{1717009901 - 9 - 76,000000}
Evento{1717009901 - 9 - 76,000000}
Evento{1717009902 - 2 - 34,000000}
Evento{1717009902 - 2 - 34,000000}
Evento{1717009903 - 8 - 91,000000}
Evento{1717009903 - 8 - 91,000000}
Evento{1717009904 - 1 - 55,000000}
Evento{1717009904 - 1 - 55,000000}
Evento{1717009905 - 6 - 23,000000}
Evento{1717009905 - 6 - 23,000000}
Evento{1717009906 - 4 - 68,000000}
Evento{1717009907 - 10 - 17,000000}
Evento{1717009908 - 3 - 80,000000}
Evento{1717009909 - 7 - 49,000000}
Evento{1717009909 - 7 - 49,000000}
Evento{1717009910 - 2 - 5,000000}
Evento{1717009910 - 2 - 5,000000}
Evento{1717009911 - 9 - 63,000000}
Evento{1717009911 - 9 - 63,000000}
Evento{1717009912 - 5 - 28,000000}
Evento{1717009912 - 5 - 28,000000}
Evento{1717009913 - 1 - 99,000000}
Evento{1717009913 - 1 - 99,000000}
Evento{1717009914 - 8 - 3,000000}
Evento{1717009914 - 8 - 3,000000}
Evento{1717009915 - 6 - 72,000000}
Evento{1717009915 - 6 - 72,000000}
Evento{1717009916 - 4 - 11,000000}
Evento{1717009916 - 4 - 11,000000}
Evento{1717009918 - 10 - 88,000000}
Evento{1717009918 - 3 - 39,000000}
Evento{1717009918 - 10 - 88,000000}
Evento{1717009918 - 3 - 39,000000}
Evento{1717009919 - 7 - 51,000000}
Evento{1717009919 - 7 - 51,000000}
Fuente{0 - F0 }
Fuente{7 - F7 }
Fuente{8 - F8 }
Fuente{9 - F9 }
Fuente{1 - F1 }
Fuente{2 - F2 }
Fuente{3 - F3 }
Fuente{4 - F4 }
Fuente{5 - F5 }
Tamaño37
Leyendo prueba-fuentes.fu
Leyendo prueba-fuentes_1.fu
Leyendo prueba.ev
< 0;F0
< 7;F7
< 8;F8
< 9;F9
Leyendo prueba1.ev
Terminado prueba-fuentes_1.fu
< 1;F1
< 1717009900;5;12
< 1717009910;2;05
< 2;F2
< 1717009901;9;76
< 1717009911;9;63
< 3;F3
< 4;F4
< 1717009902;2;34
< 1717009912;5;28
< 5;F5
< 1717009903;8;91
< 1717009913;1;99
< 1717009904;1;55
< 1717009914;8;03
Terminado prueba-fuentes.fu
< 1717009905;6;23
Fuentes leidas
< 1717009915;6;72
< 1717009906;4;68
< 1717009916;4;11
< 1717009907;10;17
< 1717009918;10;88
< 1717009908;3;80
< 1717009918;3;39
< 1717009909;7;49
< 1717009919;7;51
< 1717009910;2;05
< 1717009900;5;12
< 1717009911;9;63
< 1717009901;9;76
< 1717009912;5;28
< 1717009902;2;34
< 1717009913;1;99
< 1717009903;8;91
< 1717009914;8;03
< 1717009904;1;55
< 1717009915;6;72
< 1717009905;6;23
< 1717009916;4;11
< ;4;68
< 1717009918;10;88
< 1717009907;;17
< 1717009918;3;39
< 1717009908;3;
< 1717009909;7;49
< 1717009919;7;51
Terminado prueba.ev
Terminado prueba1.ev
Archivos leidos
> Fuente{0 - F0 }
> Fuente{7 - F7 }
> Fuente{8 - F8 }
> Fuente{9 - F9 }
> Fuente{1 - F1 }
> Fuente{2 - F2 }
> Fuente{3 - F3 }
> Fuente{4 - F4 }
> Fuente{5 - F5 }
ConsumidorFin
Evento{1717009900 - 5 - 12,000000}
Evento{1717009900 - 5 - 12,000000}
Evento{1717009901 - 9 - 76,000000}
Evento{1717009901 - 9 - 76,000000}
Evento{1717009902 - 2 - 34,000000}
Evento{1717009902 - 2 - 34,000000}
Evento{1717009903 - 8 - 91,000000}
Evento{1717009903 - 8 - 91,000000}
Evento{1717009904 - 1 - 55,000000}
Evento{1717009904 - 1 - 55,000000}
Evento{1717009905 - 6 - 23,000000}
Evento{1717009905 - 6 - 23,000000}
Evento{1717009906 - 4 - 68,000000}
Evento{1717009907 - 10 - 17,000000}
Evento{1717009908 - 3 - 80,000000}
Evento{1717009909 - 7 - 49,000000}
Evento{1717009909 - 7 - 49,000000}
Evento{1717009910 - 2 - 5,000000}
Evento{1717009910 - 2 - 5,000000}
Evento{1717009911 - 9 - 63,000000}
Evento{1717009911 - 9 - 63,000000}
Evento{1717009912 - 5 - 28,000000}
Evento{1717009912 - 5 - 28,000000}
Evento{1717009913 - 1 - 99,000000}
Evento{1717009913 - 1 - 99,000000}
Evento{1717009914 - 8 - 3,000000}
Evento{1717009914 - 8 - 3,000000}
Evento{1717009915 - 6 - 72,000000}
Evento{1717009915 - 6 - 72,000000}
Evento{1717009916 - 4 - 11,000000}
Evento{1717009916 - 4 - 11,000000}
Evento{1717009918 - 10 - 88,000000}
Evento{1717009918 - 3 - 39,000000}
Evento{1717009918 - 10 - 88,000000}
Evento{1717009918 - 3 - 39,000000}
Evento{1717009919 - 7 - 51,000000}
Evento{1717009919 - 7 - 51,000000}
Fuente{0 - F0 }
Fuente{7 - F7 }
Fuente{8 - F8 }
Fuente{9 - F9 }
Fuente{1 - F1 }
Fuente{2 - F2 }
Fuente{3 - F3 }
Fuente{4 - F4 }
Fuente{5 - F5 }
Leyendo prueba-fuentes.fu
Leyendo prueba-fuentes_1.fu
Leyendo prueba.ev
Leyendo prueba1.ev
< 0;F0
< 1717009900;5;12
< 1;F1
< 1717009901;9;76
< 7;F7
< 2;F2
< 1717009902;2;34
< 8;F8
< 1717009903;8;91
< 3;F3
< 1717009910;2;05
< 9;F9
< 1717009904;1;55
< 1717009905;6;23
< 1717009906;4;68
< 4;F4
< 5;F5
< 1717009911;9;63
Terminado prueba-fuentes.fu
Terminado prueba-fuentes_1.fu
< 1717009907;10;17
Fuentes leidas
< 1717009908;3;80
< 1717009912;5;28
< 1717009909;7;49
< 1717009910;2;05
< 1717009913;1;99
< 1717009914;8;03
< 1717009915;6;72
< 1717009916;4;11
< 1717009918;10;88
< 1717009918;3;39
< 1717009911;9;63
< 1717009919;7;51
< 1717009900;5;12
< 1717009901;9;76
< 1717009902;2;34
< 1717009903;8;91
< 1717009904;1;55
< 1717009905;6;23
< ;4;68
< 1717009907;;17
< 1717009908;3;
< 1717009909;7;49
Terminado prueba1.ev
< 1717009912;5;28
< 1717009913;1;99
< 1717009914;8;03
< 1717009915;6;72
< 1717009916;4;11
< 1717009918;10;88
< 1717009918;3;39
< 1717009919;7;51
Terminado prueba.ev
Archivos leidos
> Fuente{0 - F0 }
> Fuente{1 - F1 }
> Fuente{7 - F7 }
> Fuente{2 - F2 }
> Fuente{8 - F8 }
> Fuente{3 - F3 }
> Fuente{9 - F9 }
> Fuente{4 - F4 }
> Fuente{5 - F5 }
ConsumidorFin
Evento{1717009900 - 5 - 12,000000}
Evento{1717009900 - 5 - 12,000000}
Evento{1717009901 - 9 - 76,000000}
Evento{1717009901 - 9 - 76,000000}
Evento{1717009902 - 2 - 34,000000}
Evento{1717009902 - 2 - 34,000000}
Evento{1717009903 - 8 - 91,000000}
Evento{1717009903 - 8 - 91,000000}
Evento{1717009904 - 1 - 55,000000}
Evento{1717009904 - 1 - 55,000000}
Evento{1717009905 - 6 - 23,000000}
Evento{1717009905 - 6 - 23,000000}
Evento{1717009906 - 4 - 68,000000}
Evento{1717009907 - 10 - 17,000000}
Evento{1717009908 - 3 - 80,000000}
Evento{1717009909 - 7 - 49,000000}
Evento{1717009909 - 7 - 49,000000}
Evento{1717009910 - 2 - 5,000000}
Evento{1717009910 - 2 - 5,000000}
Evento{1717009911 - 9 - 63,000000}
Evento{1717009911 - 9 - 63,000000}
Evento{1717009912 - 5 - 28,000000}
Evento{1717009912 - 5 - 28,000000}
Evento{1717009913 - 1 - 99,000000}
Evento{1717009913 - 1 - 99,000000}
Evento{1717009914 - 8 - 3,000000}
Evento{1717009914 - 8 - 3,000000}
Evento{1717009915 - 6 - 72,000000}
Evento{1717009915 - 6 - 72,000000}
Evento{1717009916 - 4 - 11,000000}
Evento{1717009916 - 4 - 11,000000}
Evento{1717009918 - 10 - 88,000000}
Evento{1717009918 - 3 - 39,000000}
Evento{1717009918 - 10 - 88,000000}
Evento{1717009918 - 3 - 39,000000}
Evento{1717009919 - 7 - 51,000000}
Evento{1717009919 - 7 - 51,000000}
Fuente{0 - F0 }
Fuente{1 - F1 }
Fuente{7 - F7 }
Fuente{2 - F2 }
Fuente{8 - F8 }
Fuente{3 - F3 }
Fuente{9 - F9 }
Fuente{4 - F4 }
Fuente{5 - F5 }
Leyendo prueba-fuentes.fu
Leyendo prueba-fuentes_1.fu
< 0;F0
< 7;F7
< 1;F1
< 2;F2
< 3;F3
< 4;F4
< 5;F5
Leyendo prueba1.ev
Leyendo prueba.ev
< 8;F8
< 9;F9
Terminado prueba-fuentes.fu
< 1717009910;2;05
Terminado prueba-fuentes_1.fu
< 1717009911;9;63
< 1717009900;5;12
< 1717009901;9;76
< 1717009902;2;34
< 1717009903;8;91
< 1717009904;1;55
< 1717009905;6;23
< 1717009906;4;68
< 1717009912;5;28
Fuentes leidas
< 1717009907;10;17
< 1717009913;1;99
< 1717009908;3;80
< 1717009914;8;03
< 1717009915;6;72
< 1717009909;7;49
< 1717009916;4;11
< 1717009910;2;05
< 1717009918;10;88
< 1717009918;3;39
< 1717009911;9;63
< 1717009912;5;28
< 1717009919;7;51
< 1717009913;1;99
< 1717009900;5;12
< 1717009914;8;03
< 1717009901;9;76
< 1717009915;6;72
< 1717009916;4;11
< 1717009918;10;88
< 1717009918;3;39
< 1717009902;2;34
< 1717009903;8;91
< 1717009904;1;55
< 1717009905;6;23
< 1717009919;7;51
< ;4;68
< 1717009907;;17
< 1717009908;3;
< 1717009909;7;49
Terminado prueba.ev
Terminado prueba1.ev
Archivos leidos
> Fuente{0 - F0 }
> Fuente{7 - F7 }
> Fuente{1 - F1 }
> Fuente{2 - F2 }
> Fuente{3 - F3 }
> Fuente{4 - F4 }
> Fuente{5 - F5 }
> Fuente{8 - F8 }
> Fuente{9 - F9 }
ConsumidorFin
Evento{1717009900 - 5 - 12,000000}
Evento{1717009900 - 5 - 12,000000}
Evento{1717009901 - 9 - 76,000000}
Evento{1717009901 - 9 - 76,000000}
Evento{1717009902 - 2 - 34,000000}
Evento{1717009902 - 2 - 34,000000}
Evento{1717009903 - 8 - 91,000000}
Evento{1717009903 - 8 - 91,000000}
Evento{1717009904 - 1 - 55,000000}
Evento{1717009904 - 1 - 55,000000}
Evento{1717009905 - 6 - 23,000000}
Evento{1717009905 - 6 - 23,000000}
Evento{1717009906 - 4 - 68,000000}
Evento{1717009907 - 10 - 17,000000}
Evento{1717009908 - 3 - 80,000000}
Evento{1717009909 - 7 - 49,000000}
Evento{1717009909 - 7 - 49,000000}
Evento{1717009910 - 2 - 5,000000}
Evento{1717009910 - 2 - 5,000000}
Evento{1717009911 - 9 - 63,000000}
Evento{1717009911 - 9 - 63,000000}
Evento{1717009912 - 5 - 28,000000}
Evento{1717009912 - 5 - 28,000000}
Evento{1717009913 - 1 - 99,000000}
Evento{1717009913 - 1 - 99,000000}
Evento{1717009914 - 8 - 3,000000}
Evento{1717009914 - 8 - 3,000000}
Evento{1717009915 - 6 - 72,000000}
Evento{1717009915 - 6 - 72,000000}
Evento{1717009916 - 4 - 11,000000}
Evento{1717009916 - 4 - 11,000000}
Evento{1717009918 - 10 - 88,000000}
Evento{1717009918 - 3 - 39,000000}
Evento{1717009918 - 10 - 88,000000}
Evento{1717009918 - 3 - 39,000000}
Evento{1717009919 - 7 - 51,000000}
Evento{1717009919 - 7 - 51,000000}
Fuente{0 - F0 }
Fuente{7 - F7 }
Fuente{1 - F1 }
Fuente{2 - F2 }
Fuente{3 - F3 }
Fuente{4 - F4 }
Fuente{5 - F5 }
Fuente{8 - F8 }
Fuente{9 - F9 }
]]></system-out>
  <system-err><![CDATA[]]></system-err>
</testsuite>
