<?xml version="1.0" encoding="UTF-8" ?>
<testsuite errors="0" failures="0" hostname="DOM-001-2823" name="MainTest" skipped="0" tests="5" time="0.092" timestamp="2025-05-30T10:15:35">
  <properties>
[...]
</properties>
  <testcase classname="MainTest" name="eventosPorNombreFuente" time="0.002" />
  <testcase classname="MainTest" name="testMain" time="0.003" />
  <testcase classname="MainTest" name="testBSearch" time="0.0" />
  <testcase classname="MainTest" name="eventosPorValores" time="0.001" />
  <testcase classname="MainTest" name="eventosPorPeriodos" time="0.001" />
  <system-out><![CDATA[Leyendo prueba-fuentes.fu
Leyendo prueba-fuentes_1.fu
< 0;F0
< 1;F1
< 2;F2
< 3;F3
< 4;F4
< 5;F5
Terminado prueba-fuentes.fu
< 7;F7
< 8;F8
< 9;F9
Terminado prueba-fuentes_1.fu
Leyendo prueba1.ev
Fuentes leidas
< 1717009910;2;05
Leyendo prueba.ev
< 1717009911;9;63
< 1717009912;5;28
< 1717009913;1;99
< 1717009914;8;03
< 1717009915;6;72
< 1717009916;4;11
< 1717009918;10;88
< 1717009918;3;39
< 1717009919;7;51
< 1717009900;5;12
< 1717009901;9;76
< 1717009902;2;34
< 1717009900;5;12
< 1717009901;9;76
< 1717009902;2;34
< 1717009903;8;91
< 1717009904;1;55
< 1717009905;6;23
< ;4;68
< 1717009907;;17
< 1717009908;3;
< 1717009903;8;91
< 1717009904;1;55
< 1717009905;6;23
< 1717009906;4;68
< 1717009907;10;17
< 1717009908;3;80
< 1717009909;7;49
< 1717009910;2;05
< 1717009911;9;63
< 1717009912;5;28
< 1717009913;1;99
< 1717009914;8;03
< 1717009915;6;72
< 1717009916;4;11
< 1717009918;10;88
< 1717009909;7;49
Terminado prueba1.ev
< 1717009918;3;39
< 1717009919;7;51
Terminado prueba.ev
Archivos leidos
> Fuente{0 - F0 }
> Fuente{1 - F1 }
> Fuente{2 - F2 }
> Fuente{3 - F3 }
> Fuente{4 - F4 }
> Fuente{5 - F5 }
> Fuente{7 - F7 }
> Fuente{8 - F8 }
> Fuente{9 - F9 }
ConsumidorFin
Evento{1717009900 - 5 - 12.000000}
Evento{1717009900 - 5 - 12.000000}
Evento{1717009901 - 9 - 76.000000}
Evento{1717009901 - 9 - 76.000000}
Evento{1717009902 - 2 - 34.000000}
Evento{1717009902 - 2 - 34.000000}
Evento{1717009903 - 8 - 91.000000}
Evento{1717009903 - 8 - 91.000000}
Evento{1717009904 - 1 - 55.000000}
Evento{1717009904 - 1 - 55.000000}
Evento{1717009905 - 6 - 23.000000}
Evento{1717009905 - 6 - 23.000000}
Evento{1717009906 - 4 - 68.000000}
Evento{1717009907 - 10 - 17.000000}
Evento{1717009908 - 3 - 80.000000}
Evento{1717009909 - 7 - 49.000000}
Evento{1717009909 - 7 - 49.000000}
Evento{1717009910 - 2 - 5.000000}
Evento{1717009910 - 2 - 5.000000}
Evento{1717009911 - 9 - 63.000000}
Evento{1717009911 - 9 - 63.000000}
Evento{1717009912 - 5 - 28.000000}
Evento{1717009912 - 5 - 28.000000}
Evento{1717009913 - 1 - 99.000000}
Evento{1717009913 - 1 - 99.000000}
Evento{1717009914 - 8 - 3.000000}
Evento{1717009914 - 8 - 3.000000}
Evento{1717009915 - 6 - 72.000000}
Evento{1717009915 - 6 - 72.000000}
Evento{1717009916 - 4 - 11.000000}
Evento{1717009916 - 4 - 11.000000}
Evento{1717009918 - 10 - 88.000000}
Evento{1717009918 - 3 - 39.000000}
Evento{1717009918 - 10 - 88.000000}
Evento{1717009918 - 3 - 39.000000}
Evento{1717009919 - 7 - 51.000000}
Evento{1717009919 - 7 - 51.000000}
Fuente{0 - F0 }
Fuente{1 - F1 }
Fuente{2 - F2 }
Fuente{3 - F3 }
Fuente{4 - F4 }
Fuente{5 - F5 }
Fuente{7 - F7 }
Fuente{8 - F8 }
Fuente{9 - F9 }
Leyendo prueba-fuentes.fu
Leyendo prueba-fuentes_1.fu
Leyendo prueba1.ev
< 0;F0
< 1;F1
< 2;F2
< 3;F3
< 4;F4
< 5;F5
Terminado prueba-fuentes.fu
< 1717009910;2;05
< 7;F7
< 8;F8
Leyendo prueba.ev
< 1717009900;5;12
< 1717009911;9;63
< 1717009912;5;28
< 9;F9
Terminado prueba-fuentes_1.fu
< 1717009901;9;76
< 1717009902;2;34
< 1717009903;8;91
< 1717009904;1;55
< 1717009905;6;23
< 1717009913;1;99
Fuentes leidas
< 1717009906;4;68
< 1717009914;8;03
< 1717009907;10;17
< 1717009908;3;80
< 1717009915;6;72
< 1717009916;4;11
< 1717009918;10;88
< 1717009918;3;39
< 1717009919;7;51
< 1717009900;5;12
< 1717009901;9;76
< 1717009902;2;34
< 1717009903;8;91
< 1717009904;1;55
< 1717009905;6;23
< 1717009909;7;49
< 1717009910;2;05
< 1717009911;9;63
< 1717009912;5;28
< 1717009913;1;99
< 1717009914;8;03
< ;4;68
< 1717009915;6;72
< 1717009907;;17
< 1717009908;3;
< 1717009909;7;49
< 1717009916;4;11
Terminado prueba1.ev
< 1717009918;10;88
< 1717009918;3;39
< 1717009919;7;51
Terminado prueba.ev
Archivos leidos
> Fuente{0 - F0 }
> Fuente{1 - F1 }
> Fuente{2 - F2 }
> Fuente{3 - F3 }
> Fuente{4 - F4 }
> Fuente{5 - F5 }
> Fuente{7 - F7 }
> Fuente{8 - F8 }
> Fuente{9 - F9 }
ConsumidorFin
Evento{1717009900 - 5 - 12.000000}
Evento{1717009900 - 5 - 12.000000}
Evento{1717009901 - 9 - 76.000000}
Evento{1717009901 - 9 - 76.000000}
Evento{1717009902 - 2 - 34.000000}
Evento{1717009902 - 2 - 34.000000}
Evento{1717009903 - 8 - 91.000000}
Evento{1717009903 - 8 - 91.000000}
Evento{1717009904 - 1 - 55.000000}
Evento{1717009904 - 1 - 55.000000}
Evento{1717009905 - 6 - 23.000000}
Evento{1717009905 - 6 - 23.000000}
Evento{1717009906 - 4 - 68.000000}
Evento{1717009907 - 10 - 17.000000}
Evento{1717009908 - 3 - 80.000000}
Evento{1717009909 - 7 - 49.000000}
Evento{1717009909 - 7 - 49.000000}
Evento{1717009910 - 2 - 5.000000}
Evento{1717009910 - 2 - 5.000000}
Evento{1717009911 - 9 - 63.000000}
Evento{1717009911 - 9 - 63.000000}
Evento{1717009912 - 5 - 28.000000}
Evento{1717009912 - 5 - 28.000000}
Evento{1717009913 - 1 - 99.000000}
Evento{1717009913 - 1 - 99.000000}
Evento{1717009914 - 8 - 3.000000}
Evento{1717009914 - 8 - 3.000000}
Evento{1717009915 - 6 - 72.000000}
Evento{1717009915 - 6 - 72.000000}
Evento{1717009916 - 4 - 11.000000}
Evento{1717009916 - 4 - 11.000000}
Evento{1717009918 - 10 - 88.000000}
Evento{1717009918 - 3 - 39.000000}
Evento{1717009918 - 10 - 88.000000}
Evento{1717009918 - 3 - 39.000000}
Evento{1717009919 - 7 - 51.000000}
Evento{1717009919 - 7 - 51.000000}
Fuente{0 - F0 }
Fuente{1 - F1 }
Fuente{2 - F2 }
Fuente{3 - F3 }
Fuente{4 - F4 }
Fuente{5 - F5 }
Fuente{7 - F7 }
Fuente{8 - F8 }
Fuente{9 - F9 }
Tamaño37
Leyendo prueba-fuentes.fu
< 0;F0
< 1;F1
< 2;F2
< 3;F3
Leyendo prueba-fuentes_1.fu
< 4;F4
< 7;F7
< 5;F5
< 8;F8
Terminado prueba-fuentes.fu
< 9;F9
Terminado prueba-fuentes_1.fu
Leyendo prueba.ev
Fuentes leidas
Leyendo prueba1.ev
< 1717009900;5;12
< 1717009910;2;05
< 1717009901;9;76
< 1717009902;2;34
< 1717009903;8;91
< 1717009904;1;55
< 1717009911;9;63
< 1717009905;6;23
< 1717009906;4;68
< 1717009907;10;17
< 1717009912;5;28
< 1717009908;3;80
< 1717009913;1;99
< 1717009914;8;03
< 1717009915;6;72
< 1717009916;4;11
< 1717009909;7;49
< 1717009918;10;88
< 1717009918;3;39
< 1717009919;7;51
< 1717009910;2;05
< 1717009900;5;12
< 1717009901;9;76
< 1717009902;2;34
< 1717009903;8;91
< 1717009911;9;63
< 1717009904;1;55
< 1717009912;5;28
< 1717009905;6;23
< 1717009913;1;99
< ;4;68
< 1717009907;;17
< 1717009908;3;
< 1717009909;7;49
< 1717009914;8;03
Terminado prueba1.ev
< 1717009915;6;72
< 1717009916;4;11
< 1717009918;10;88
< 1717009918;3;39
< 1717009919;7;51
Terminado prueba.ev
Archivos leidos
> Fuente{0 - F0 }
> Fuente{1 - F1 }
> Fuente{2 - F2 }
> Fuente{3 - F3 }
> Fuente{4 - F4 }
> Fuente{7 - F7 }
> Fuente{5 - F5 }
> Fuente{8 - F8 }
> Fuente{9 - F9 }
ConsumidorFin
Evento{1717009900 - 5 - 12.000000}
Evento{1717009900 - 5 - 12.000000}
Evento{1717009901 - 9 - 76.000000}
Evento{1717009901 - 9 - 76.000000}
Evento{1717009902 - 2 - 34.000000}
Evento{1717009902 - 2 - 34.000000}
Evento{1717009903 - 8 - 91.000000}
Evento{1717009903 - 8 - 91.000000}
Evento{1717009904 - 1 - 55.000000}
Evento{1717009904 - 1 - 55.000000}
Evento{1717009905 - 6 - 23.000000}
Evento{1717009905 - 6 - 23.000000}
Evento{1717009906 - 4 - 68.000000}
Evento{1717009907 - 10 - 17.000000}
Evento{1717009908 - 3 - 80.000000}
Evento{1717009909 - 7 - 49.000000}
Evento{1717009909 - 7 - 49.000000}
Evento{1717009910 - 2 - 5.000000}
Evento{1717009910 - 2 - 5.000000}
Evento{1717009911 - 9 - 63.000000}
Evento{1717009911 - 9 - 63.000000}
Evento{1717009912 - 5 - 28.000000}
Evento{1717009912 - 5 - 28.000000}
Evento{1717009913 - 1 - 99.000000}
Evento{1717009913 - 1 - 99.000000}
Evento{1717009914 - 8 - 3.000000}
Evento{1717009914 - 8 - 3.000000}
Evento{1717009915 - 6 - 72.000000}
Evento{1717009915 - 6 - 72.000000}
Evento{1717009916 - 4 - 11.000000}
Evento{1717009916 - 4 - 11.000000}
Evento{1717009918 - 10 - 88.000000}
Evento{1717009918 - 3 - 39.000000}
Evento{1717009918 - 10 - 88.000000}
Evento{1717009918 - 3 - 39.000000}
Evento{1717009919 - 7 - 51.000000}
Evento{1717009919 - 7 - 51.000000}
Fuente{0 - F0 }
Fuente{1 - F1 }
Fuente{2 - F2 }
Fuente{3 - F3 }
Fuente{4 - F4 }
Fuente{7 - F7 }
Fuente{5 - F5 }
Fuente{8 - F8 }
Fuente{9 - F9 }
Leyendo prueba-fuentes.fu
< 0;F0
< 1;F1
< 2;F2
< 3;F3
< 4;F4
< 5;F5
Terminado prueba-fuentes.fu
Leyendo prueba-fuentes_1.fu
< 7;F7
< 8;F8
< 9;F9
Terminado prueba-fuentes_1.fu
Leyendo prueba1.ev
< 1717009910;2;05
Leyendo prueba.ev
Fuentes leidas
< 1717009911;9;63
< 1717009900;5;12
< 1717009901;9;76
< 1717009912;5;28
< 1717009902;2;34
< 1717009913;1;99
< 1717009903;8;91
< 1717009914;8;03
< 1717009904;1;55
< 1717009915;6;72
< 1717009905;6;23
< 1717009906;4;68
< 1717009916;4;11
< 1717009907;10;17
< 1717009908;3;80
< 1717009918;10;88
< 1717009918;3;39
< 1717009909;7;49
< 1717009919;7;51
< 1717009910;2;05
< 1717009900;5;12
< 1717009911;9;63
< 1717009901;9;76
< 1717009912;5;28
< 1717009913;1;99
< 1717009902;2;34
< 1717009914;8;03
< 1717009915;6;72
< 1717009916;4;11
< 1717009918;10;88
< 1717009918;3;39
< 1717009903;8;91
< 1717009919;7;51
< 1717009904;1;55
< 1717009905;6;23
< ;4;68
< 1717009907;;17
< 1717009908;3;
< 1717009909;7;49
Terminado prueba.ev
Terminado prueba1.ev
Archivos leidos
> Fuente{0 - F0 }
> Fuente{1 - F1 }
> Fuente{2 - F2 }
> Fuente{3 - F3 }
> Fuente{4 - F4 }
> Fuente{5 - F5 }
> Fuente{7 - F7 }
> Fuente{8 - F8 }
> Fuente{9 - F9 }
ConsumidorFin
Evento{1717009900 - 5 - 12.000000}
Evento{1717009900 - 5 - 12.000000}
Evento{1717009901 - 9 - 76.000000}
Evento{1717009901 - 9 - 76.000000}
Evento{1717009902 - 2 - 34.000000}
Evento{1717009902 - 2 - 34.000000}
Evento{1717009903 - 8 - 91.000000}
Evento{1717009903 - 8 - 91.000000}
Evento{1717009904 - 1 - 55.000000}
Evento{1717009904 - 1 - 55.000000}
Evento{1717009905 - 6 - 23.000000}
Evento{1717009905 - 6 - 23.000000}
Evento{1717009906 - 4 - 68.000000}
Evento{1717009907 - 10 - 17.000000}
Evento{1717009908 - 3 - 80.000000}
Evento{1717009909 - 7 - 49.000000}
Evento{1717009909 - 7 - 49.000000}
Evento{1717009910 - 2 - 5.000000}
Evento{1717009910 - 2 - 5.000000}
Evento{1717009911 - 9 - 63.000000}
Evento{1717009911 - 9 - 63.000000}
Evento{1717009912 - 5 - 28.000000}
Evento{1717009912 - 5 - 28.000000}
Evento{1717009913 - 1 - 99.000000}
Evento{1717009913 - 1 - 99.000000}
Evento{1717009914 - 8 - 3.000000}
Evento{1717009914 - 8 - 3.000000}
Evento{1717009915 - 6 - 72.000000}
Evento{1717009915 - 6 - 72.000000}
Evento{1717009916 - 4 - 11.000000}
Evento{1717009916 - 4 - 11.000000}
Evento{1717009918 - 10 - 88.000000}
Evento{1717009918 - 3 - 39.000000}
Evento{1717009918 - 10 - 88.000000}
Evento{1717009918 - 3 - 39.000000}
Evento{1717009919 - 7 - 51.000000}
Evento{1717009919 - 7 - 51.000000}
Fuente{0 - F0 }
Fuente{1 - F1 }
Fuente{2 - F2 }
Fuente{3 - F3 }
Fuente{4 - F4 }
Fuente{5 - F5 }
Fuente{7 - F7 }
Fuente{8 - F8 }
Fuente{9 - F9 }
Leyendo prueba-fuentes.fu
< 0;F0
< 1;F1
< 2;F2
< 3;F3
Leyendo prueba-fuentes_1.fu
< 4;F4
< 5;F5
Leyendo prueba1.ev
Terminado prueba-fuentes.fu
< 7;F7
< 8;F8
< 9;F9
< 1717009910;2;05
Terminado prueba-fuentes_1.fu
Leyendo prueba.ev
< 1717009911;9;63
< 1717009912;5;28
< 1717009913;1;99
< 1717009914;8;03
< 1717009915;6;72
< 1717009916;4;11
< 1717009918;10;88
< 1717009900;5;12
< 1717009901;9;76
< 1717009902;2;34
< 1717009903;8;91
< 1717009904;1;55
< 1717009905;6;23
< 1717009906;4;68
< 1717009907;10;17
< 1717009908;3;80
Fuentes leidas
< 1717009918;3;39
< 1717009909;7;49
< 1717009910;2;05
< 1717009919;7;51
< 1717009911;9;63
< 1717009912;5;28
< 1717009900;5;12
< 1717009901;9;76
< 1717009913;1;99
< 1717009902;2;34
< 1717009914;8;03
< 1717009915;6;72
< 1717009903;8;91
< 1717009904;1;55
< 1717009916;4;11
< 1717009905;6;23
< 1717009918;10;88
< ;4;68
< 1717009907;;17
< 1717009918;3;39
< 1717009908;3;
< 1717009909;7;49
< 1717009919;7;51
Terminado prueba.ev
Terminado prueba1.ev
Archivos leidos
> Fuente{0 - F0 }
> Fuente{1 - F1 }
> Fuente{2 - F2 }
> Fuente{3 - F3 }
> Fuente{4 - F4 }
> Fuente{5 - F5 }
> Fuente{7 - F7 }
> Fuente{8 - F8 }
> Fuente{9 - F9 }
ConsumidorFin
Evento{1717009900 - 5 - 12.000000}
Evento{1717009900 - 5 - 12.000000}
Evento{1717009901 - 9 - 76.000000}
Evento{1717009901 - 9 - 76.000000}
Evento{1717009902 - 2 - 34.000000}
Evento{1717009902 - 2 - 34.000000}
Evento{1717009903 - 8 - 91.000000}
Evento{1717009903 - 8 - 91.000000}
Evento{1717009904 - 1 - 55.000000}
Evento{1717009904 - 1 - 55.000000}
Evento{1717009905 - 6 - 23.000000}
Evento{1717009905 - 6 - 23.000000}
Evento{1717009906 - 4 - 68.000000}
Evento{1717009907 - 10 - 17.000000}
Evento{1717009908 - 3 - 80.000000}
Evento{1717009909 - 7 - 49.000000}
Evento{1717009909 - 7 - 49.000000}
Evento{1717009910 - 2 - 5.000000}
Evento{1717009910 - 2 - 5.000000}
Evento{1717009911 - 9 - 63.000000}
Evento{1717009911 - 9 - 63.000000}
Evento{1717009912 - 5 - 28.000000}
Evento{1717009912 - 5 - 28.000000}
Evento{1717009913 - 1 - 99.000000}
Evento{1717009913 - 1 - 99.000000}
Evento{1717009914 - 8 - 3.000000}
Evento{1717009914 - 8 - 3.000000}
Evento{1717009915 - 6 - 72.000000}
Evento{1717009915 - 6 - 72.000000}
Evento{1717009916 - 4 - 11.000000}
Evento{1717009916 - 4 - 11.000000}
Evento{1717009918 - 10 - 88.000000}
Evento{1717009918 - 3 - 39.000000}
Evento{1717009918 - 10 - 88.000000}
Evento{1717009918 - 3 - 39.000000}
Evento{1717009919 - 7 - 51.000000}
Evento{1717009919 - 7 - 51.000000}
Fuente{0 - F0 }
Fuente{1 - F1 }
Fuente{2 - F2 }
Fuente{3 - F3 }
Fuente{4 - F4 }
Fuente{5 - F5 }
Fuente{7 - F7 }
Fuente{8 - F8 }
Fuente{9 - F9 }
]]></system-out>
  <system-err><![CDATA[]]></system-err>
</testsuite>
